<?xml version="1.0" encoding="UTF-8"?>
<!-- Generated by org.testng.reporters.JUnitReportReporter -->
<testsuite hostname="DESKTOP-4VCO1OF" failures="0" tests="1" name="testcases.CombinedTestCases" time="51.613" errors="0" timestamp="2024-12-13T15:39:26 IST" skipped="0">
  <testcase classname="testcases.CombinedTestCases" name="combinedWorkflowTest" time="51.613"/>
</testsuite> <!-- testcases.CombinedTestCases -->
