<?xml version="1.0" encoding="UTF-8"?>
<!-- Generated by org.testng.reporters.JUnitReportReporter -->
<testsuite hostname="DESKTOP-4VCO1OF" failures="0" tests="1" name="testcases.Allurereport" time="0.990" errors="0" timestamp="2024-12-17T12:58:59 IST" skipped="0">
  <testcase classname="testcases.Allurereport" name="executePromptWorkflow" time="0.990"/>
</testsuite> <!-- testcases.Allurereport -->
