<?xml version="1.0" encoding="UTF-8"?>
<!-- Generated by org.testng.reporters.JUnitReportReporter -->
<testsuite hostname="DESKTOP-4VCO1OF" failures="0" tests="1" name="testcases.NewEmail" time="19.972" errors="0" timestamp="2024-11-28T16:04:49 IST" skipped="0">
  <testcase classname="testcases.NewEmail" name="testEnterPrompt" time="19.972"/>
</testsuite> <!-- testcases.NewEmail -->
