<?xml version="1.0" encoding="UTF-8"?>
<!-- Generated by org.testng.reporters.JUnitReportReporter -->
<testsuite hostname="DESKTOP-4VCO1OF" failures="0" tests="1" name="testcases.FlowOfOmniGPT" time="5.146" errors="0" timestamp="2024-12-13T11:02:21 IST" skipped="0">
  <testcase classname="testcases.FlowOfOmniGPT" name="testFlowOfOmniGPT" time="5.146"/>
</testsuite> <!-- testcases.FlowOfOmniGPT -->
