<?xml version="1.0" encoding="UTF-8"?>
<!-- Generated by org.testng.reporters.JUnitReportReporter -->
<testsuite hostname="DESKTOP-4VCO1OF" failures="0" tests="1" name="testcases.CombinedResut" time="5.516" errors="0" timestamp="2024-12-17T16:53:59 IST" skipped="0">
  <testcase classname="testcases.CombinedResut" name="executeTests" time="5.516"/>
</testsuite> <!-- testcases.CombinedResut -->
