<?xml version="1.0" encoding="UTF-8"?>
<!-- Generated by org.testng.reporters.JUnitReportReporter -->
<testsuite hostname="DESKTOP-4VCO1OF" failures="0" tests="1" name="testcases.SecondPrompt" time="43.747" errors="0" timestamp="2024-11-27T16:49:06 IST" skipped="0">
  <testcase classname="testcases.SecondPrompt" name="testEnterPrompt" time="43.747"/>
</testsuite> <!-- testcases.SecondPrompt -->
