<?xml version="1.0" encoding="UTF-8"?>
<!-- Generated by org.testng.reporters.JUnitReportReporter -->
<testsuite hostname="DESKTOP-4VCO1OF" failures="0" tests="1" name="testcases.FlowOmniGPT" time="58.471" errors="0" timestamp="2024-12-13T11:03:58 IST" skipped="0">
  <testcase classname="testcases.FlowOmniGPT" name="combinedWorkflowTest" time="58.471"/>
</testsuite> <!-- testcases.FlowOmniGPT -->
