<?xml version="1.0" encoding="UTF-8"?>
<!-- Generated by org.testng.reporters.JUnitReportReporter -->
<testsuite hostname="DESKTOP-4VCO1OF" failures="0" tests="1" name="testcases.NewPrompt" time="44.181" errors="0" timestamp="2024-12-04T13:03:05 IST" skipped="0">
  <testcase classname="testcases.NewPrompt" name="executePromptWorkflow" time="44.181"/>
</testsuite> <!-- testcases.NewPrompt -->
