<?xml version="1.0" encoding="UTF-8"?>
<!-- Generated by org.testng.reporters.JUnitReportReporter -->
<testsuite hostname="DESKTOP-4VCO1OF" failures="0" tests="1" name="testcases.FirstPromptNew" time="34.556" errors="0" timestamp="2024-12-12T16:31:55 IST" skipped="0">
  <testcase classname="testcases.FirstPromptNew" name="testEnterPrompt" time="34.556"/>
</testsuite> <!-- testcases.FirstPromptNew -->
