<?xml version="1.0" encoding="UTF-8"?>
<!-- Generated by org.testng.reporters.JUnitReportReporter -->
<testsuite hostname="DESKTOP-4VCO1OF" failures="0" tests="1" name="testcases.FinalFlow" time="38.325" errors="0" timestamp="2024-12-13T16:55:57 IST" skipped="0">
  <testcase classname="testcases.FinalFlow" name="executeAllTests" time="38.325"/>
</testsuite> <!-- testcases.FinalFlow -->
