<?xml version="1.0" encoding="UTF-8"?>
<!-- Generated by org.testng.reporters.JUnitReportReporter -->
<testsuite hostname="DESKTOP-4VCO1OF" failures="0" tests="1" name="testcases.SignUpEmailScreenshot" time="20.543" errors="0" timestamp="2024-11-29T12:35:57 IST" skipped="0">
  <testcase classname="testcases.SignUpEmailScreenshot" name="testSignUp" time="20.543"/>
</testsuite> <!-- testcases.SignUpEmailScreenshot -->
