<?xml version="1.0" encoding="UTF-8"?>
<!-- Generated by org.testng.reporters.JUnitReportReporter -->
<testsuite hostname="DESKTOP-4VCO1OF" failures="0" tests="1" name="testcases.Historyclick2" time="65.526" errors="0" timestamp="2024-12-06T17:27:57 IST" skipped="0">
  <testcase classname="testcases.Historyclick2" name="combinedWorkflowTest" time="65.526"/>
</testsuite> <!-- testcases.Historyclick2 -->
