<?xml version="1.0" encoding="UTF-8"?>
<!-- Generated by org.testng.reporters.JUnitReportReporter -->
<testsuite hostname="DESKTOP-4VCO1OF" failures="0" tests="1" name="testcases.ScrolldownReport" time="42.302" errors="0" timestamp="2024-12-04T13:12:15 IST" skipped="0">
  <testcase classname="testcases.ScrolldownReport" name="testScrollDownAndGenerateReport" time="42.302"/>
</testsuite> <!-- testcases.ScrolldownReport -->
