<?xml version="1.0" encoding="UTF-8"?>
<!-- Generated by org.testng.reporters.JUnitReportReporter -->
<testsuite hostname="DESKTOP-4VCO1OF" failures="0" tests="1" name="testcases.NewChat" time="82.688" errors="0" timestamp="2024-12-23T16:58:34 IST" skipped="0">
  <testcase classname="testcases.NewChat" name="executeEditPromptWorkflow" time="82.688"/>
</testsuite> <!-- testcases.NewChat -->
