<?xml version="1.0" encoding="UTF-8"?>
<!-- Generated by org.testng.reporters.JUnitReportReporter -->
<testsuite hostname="DESKTOP-4VCO1OF" failures="0" tests="1" name="testcases.FlowOmniGPTLog" time="75.818" errors="0" timestamp="2024-12-13T12:43:45 IST" skipped="0">
  <testcase classname="testcases.FlowOmniGPTLog" name="combinedWorkflowTest" time="75.818"/>
</testsuite> <!-- testcases.FlowOmniGPTLog -->
