<?xml version="1.0" encoding="UTF-8"?>
<!-- Generated by org.testng.reporters.JUnitReportReporter -->
<testsuite hostname="DESKTOP-4VCO1OF" failures="0" tests="1" name="testcases.EmailandScreenShot" time="38.804" errors="0" timestamp="2024-11-29T16:26:43 IST" skipped="0">
  <testcase classname="testcases.EmailandScreenShot" name="testEnterPrompt" time="38.804"/>
</testsuite> <!-- testcases.EmailandScreenShot -->
