<?xml version="1.0" encoding="UTF-8"?>
<!-- Generated by org.testng.reporters.JUnitReportReporter -->
<testsuite hostname="DESKTOP-4VCO1OF" failures="0" tests="1" name="testcases.CombinethreeTestCase" time="61.400" errors="0" timestamp="2024-12-04T16:59:46 IST" skipped="0">
  <testcase classname="testcases.CombinethreeTestCase" name="combinedWorkflowTest" time="61.400"/>
</testsuite> <!-- testcases.CombinethreeTestCase -->
