<?xml version="1.0" encoding="UTF-8"?>
<!-- Generated by org.testng.reporters.JUnitReportReporter -->
<testsuite hostname="DESKTOP-4VCO1OF" failures="0" tests="1" name="testcases.New" time="59.145" errors="0" timestamp="2024-12-23T16:38:27 IST" skipped="0">
  <testcase classname="testcases.New" name="executeEditPromptWorkflow" time="59.145"/>
</testsuite> <!-- testcases.New -->
