<?xml version="1.0" encoding="UTF-8"?>
<!-- Generated by org.testng.reporters.JUnitReportReporter -->
<testsuite hostname="DESKTOP-4VCO1OF" failures="0" tests="1" name="testcases.OmiGPTflow" time="0.795" errors="0" timestamp="2024-12-04T12:20:11 IST" skipped="0">
  <testcase classname="testcases.OmiGPTflow" name="executePromptWorkflow" time="0.795"/>
</testsuite> <!-- testcases.OmiGPTflow -->
