<?xml version="1.0" encoding="UTF-8"?>
<!-- Generated by org.testng.reporters.JUnitReportReporter -->
<testsuite hostname="DESKTOP-4VCO1OF" failures="0" tests="1" name="testcases.EnhancedPromptWorkflow" time="50.744" errors="0" timestamp="2024-12-04T14:14:59 IST" skipped="0">
  <testcase classname="testcases.EnhancedPromptWorkflow" name="executePromptWorkflowWithReport" time="50.744"/>
</testsuite> <!-- testcases.EnhancedPromptWorkflow -->
