<?xml version="1.0" encoding="UTF-8"?>
<!-- Generated by org.testng.reporters.JUnitReportReporter -->
<testsuite hostname="DESKTOP-4VCO1OF" failures="0" tests="1" name="testcases.FirstPrompt" time="48.968" errors="0" timestamp="2024-11-27T16:53:20 IST" skipped="0">
  <testcase classname="testcases.FirstPrompt" name="testEnterPrompt" time="48.968"/>
</testsuite> <!-- testcases.FirstPrompt -->
