<?xml version="1.0" encoding="UTF-8"?>
<!-- Generated by org.testng.reporters.JUnitReportReporter -->
<testsuite hostname="DESKTOP-4VCO1OF" failures="0" tests="1" name="testcases.UnifiedPromptTests" time="46.339" errors="0" timestamp="2024-12-04T13:20:40 IST" skipped="0">
  <testcase classname="testcases.UnifiedPromptTests" name="executePromptWorkflow" time="46.339"/>
</testsuite> <!-- testcases.UnifiedPromptTests -->
