<?xml version="1.0" encoding="UTF-8"?>
<!-- Generated by org.testng.reporters.JUnitReportReporter -->
<testsuite hostname="DESKTOP-4VCO1OF" failures="0" tests="1" name="testcases.OmniGPTlog" time="34.744" errors="0" timestamp="2024-12-12T17:03:45 IST" skipped="0">
  <testcase classname="testcases.OmniGPTlog" name="testEnterPrompt" time="34.744"/>
</testsuite> <!-- testcases.OmniGPTlog -->
