<?xml version="1.0" encoding="UTF-8"?>
<!-- Generated by org.testng.reporters.JUnitReportReporter -->
<testsuite hostname="DESKTOP-4VCO1OF" failures="0" tests="1" name="testcases.ScrollDown" time="60.468" errors="0" timestamp="2024-11-29T12:47:25 IST" skipped="0">
  <testcase classname="testcases.ScrollDown" name="testScrollDownAndCopy" time="60.468"/>
</testsuite> <!-- testcases.ScrollDown -->
