<?xml version="1.0" encoding="UTF-8"?>
<!-- Generated by org.testng.reporters.JUnitReportReporter -->
<testsuite hostname="DESKTOP-4VCO1OF" failures="0" tests="1" name="testcases.HIstoryClick" time="66.152" errors="0" timestamp="2024-12-06T16:45:32 IST" skipped="0">
  <testcase classname="testcases.HIstoryClick" name="combinedWorkflowTest" time="66.152"/>
</testsuite> <!-- testcases.HIstoryClick -->
