<?xml version="1.0" encoding="UTF-8"?>
<!-- Generated by org.testng.reporters.JUnitReportReporter -->
<testsuite hostname="DESKTOP-4VCO1OF" failures="0" tests="2" name="testcases.Prompt1" time="92.048" errors="0" timestamp="2024-11-29T17:17:36 IST" skipped="0">
  <testcase classname="testcases.Prompt1" name="testEnterPrompt" time="33.173"/>
  <testcase classname="testcases.Prompt1" name="testScrollDownAndGenerateReport" time="58.875"/>
</testsuite> <!-- testcases.Prompt1 -->
