<?xml version="1.0" encoding="UTF-8"?>
<!-- Generated by org.testng.reporters.JUnitReportReporter -->
<testsuite hostname="DESKTOP-4VCO1OF" failures="0" tests="2" name="testcases.OmnigptFlowTestNG" time="0.048" errors="0" timestamp="2024-11-29T18:00:24 IST" skipped="0">
  <testcase classname="testcases.OmnigptFlowTestNG" name="testPromptFunctionality" time="0.038"/>
  <testcase classname="testcases.OmnigptFlowTestNG" name="testScrollAndCopy" time="0.010"/>
</testsuite> <!-- testcases.OmnigptFlowTestNG -->
