<?xml version="1.0" encoding="UTF-8"?>
<!-- Generated by org.testng.reporters.JUnitReportReporter -->
<testsuite hostname="DESKTOP-4VCO1OF" failures="0" tests="1" name="testcases.AllScript" time="153.622" errors="0" timestamp="2024-12-23T16:58:34 IST" skipped="0">
  <testcase classname="testcases.AllScript" name="executeAllTests" time="153.622"/>
</testsuite> <!-- testcases.AllScript -->
