<?xml version="1.0" encoding="UTF-8"?>
<!-- Generated by org.testng.reporters.JUnitReportReporter -->
<testsuite hostname="DESKTOP-4VCO1OF" failures="0" tests="1" name="testcases.HistorySection" time="56.698" errors="0" timestamp="2024-12-17T16:30:53 IST" skipped="0">
  <testcase classname="testcases.HistorySection" name="executeEditPromptWorkflow" time="56.698"/>
</testsuite> <!-- testcases.HistorySection -->
