<?xml version="1.0" encoding="UTF-8"?>
<!-- Generated by org.testng.reporters.JUnitReportReporter -->
<testsuite hostname="DESKTOP-4VCO1OF" failures="0" tests="2" name="testcases.PromptAndScrollDown" time="0.001" errors="0" timestamp="2024-12-10T14:27:38 IST" skipped="2">
  <testcase classname="testcases.PromptAndScrollDown" name="testScrollDownAndGenerateReport" time="0.001">
    <skipped/>
  </testcase> <!-- testScrollDownAndGenerateReport -->
  <testcase classname="testcases.PromptAndScrollDown" name="testEnterPrompt" time="0.000">
    <skipped/>
  </testcase> <!-- testEnterPrompt -->
</testsuite> <!-- testcases.PromptAndScrollDown -->
