<?xml version="1.0" encoding="UTF-8"?>
<!-- Generated by org.testng.reporters.JUnitReportReporter -->
<testsuite hostname="DESKTOP-4VCO1OF" failures="0" tests="1" name="testcases.ScrooldownReport" time="47.326" errors="0" timestamp="2024-11-29T12:48:54 IST" skipped="0">
  <testcase classname="testcases.ScrooldownReport" name="testScrollDownAndGenerateReport" time="47.326"/>
</testsuite> <!-- testcases.ScrooldownReport -->
