<?xml version="1.0" encoding="UTF-8"?>
<!-- Generated by org.testng.reporters.JUnitReportReporter -->
<testsuite hostname="DESKTOP-4VCO1OF" failures="0" tests="1" name="testcases.OmNiflow" time="40.271" errors="0" timestamp="2024-12-17T13:24:53 IST" skipped="0">
  <testcase classname="testcases.OmNiflow" name="executeAllTests" time="40.271"/>
</testsuite> <!-- testcases.OmNiflow -->
