<?xml version="1.0" encoding="UTF-8"?>
<!-- Generated by org.testng.reporters.JUnitReportReporter -->
<testsuite hostname="DESKTOP-4VCO1OF" failures="0" tests="1" name="testcases.SendEmail" time="38.517" errors="0" timestamp="2024-11-28T16:53:27 IST" skipped="0">
  <testcase classname="testcases.SendEmail" name="testEnterPrompt" time="38.517"/>
</testsuite> <!-- testcases.SendEmail -->
